<?xml version="1.0" encoding="UTF-8"?>
<!-- Generated by org.testng.reporters.JUnitXMLReporter -->
<testsuite ignored="0" hostname="DESKTOP-P4LLIA9" failures="0" tests="3" name="Login Test" time="18.327" errors="0" timestamp="2026-07-25T17:35:59 IST">
  <testcase classname="com.amol.automation.tests.LoginTest" name="verifyInvalidLogin" time="1.081"/>
  <testcase classname="com.amol.automation.tests.LoginTest" name="verifyLockedUserLogin" time="1.536"/>
  <testcase classname="com.amol.automation.tests.LoginTest" name="verifyValidLogin" time="1.717"/>
</testsuite> <!-- Login Test -->
