<?xml version="1.0" encoding="UTF-8"?>
<!-- Generated by org.testng.reporters.JUnitReportReporter -->
<testsuite hostname="DESKTOP-P4LLIA9" failures="0" tests="3" name="com.amol.automation.tests.LoginTest" time="26.450" errors="0" timestamp="2026-07-25T17:42:56 IST" skipped="0">
  <testcase classname="com.amol.automation.tests.LoginTest" name="verifyLockedUserLogin" time="10.361"/>
  <testcase classname="com.amol.automation.tests.LoginTest" name="verifyInvalidLogin" time="7.742"/>
  <testcase classname="com.amol.automation.tests.LoginTest" name="verifyValidLogin" time="8.347"/>
</testsuite> <!-- com.amol.automation.tests.LoginTest -->
