<?xml version="1.0" encoding="UTF-8"?>
<!-- Generated by org.testng.reporters.JUnitXMLReporter -->
<testsuite ignored="0" hostname="DESKTOP-P4LLIA9" failures="1" tests="1" name="End To End Test" time="6.653" errors="0" timestamp="2026-07-25T08:33:06 IST">
  <testcase classname="com.amol.automation.tests.EndToEndTest" name="verifyEndToEndPurchaseFlow" time="1.158">
    <failure type="java.lang.AssertionError" message="expected [Your Cart] but found [Products]">
      <![CDATA[java.lang.AssertionError: expected [Your Cart] but found [Products]
at com.amol.automation.tests.EndToEndTest.verifyEndToEndPurchaseFlow(EndToEndTest.java:73)
at java.base/java.util.concurrent.ThreadPoolExecutor.runWorker(ThreadPoolExecutor.java:1136)
at java.base/java.util.concurrent.ThreadPoolExecutor$Worker.run(ThreadPoolExecutor.java:635)
at java.base/java.lang.Thread.run(Thread.java:833)
... Removed 18 stack frames]]>
    </failure>
  </testcase> <!-- verifyEndToEndPurchaseFlow -->
</testsuite> <!-- End To End Test -->
