<?xml version="1.0" encoding="UTF-8"?>
<!-- Generated by org.testng.reporters.JUnitXMLReporter -->
<testsuite ignored="0" hostname="DESKTOP-P4LLIA9" failures="1" tests="1" name="End To End Purchase Test" time="8.145" errors="0" timestamp="2026-07-25T10:17:28 IST">
  <testcase classname="com.amol.automation.tests.EndToEndTest" name="verifyEndToEndPurchaseFlow" time="1.755">
    <failure type="java.lang.AssertionError" message="expected [Your Cart] but found [Products]">
      <![CDATA[java.lang.AssertionError: expected [Your Cart] but found [Products]
at com.amol.automation.tests.EndToEndTest.verifyEndToEndPurchaseFlow(EndToEndTest.java:98)
at java.base/java.util.ArrayList.forEach(ArrayList.java:1511)
... Removed 33 stack frames]]>
    </failure>
  </testcase> <!-- verifyEndToEndPurchaseFlow -->
</testsuite> <!-- End To End Purchase Test -->
